{"level":"info","time":"2025-10-23T14:58:04+09:00","message":"app_id [63565828675d4b9f88bbf908edf4bc1c] ok"}
{"level":"info","time":"2025-10-23T14:58:04+09:00","message":"[daemon] read pid number fail: open /Users/jegaljin-u/workspace/demo_data_generator/logbus 2/runtime/logbus.pid: no such file or directory"}
{"level":"info","time":"2025-10-23T14:58:07+09:00","message":"[localhost:25220] start daemon success, pid[62282]"}
{"level":"info","time":"2025-10-24T04:10:13+09:00","message":"app_id [df6fff48a373418ca2da97d104df2188] ok"}
{"level":"info","time":"2025-10-24T04:10:13+09:00","message":"daemon process pid[62282] is running"}
{"level":"info","time":"2025-10-24T04:10:13+09:00","message":"logbus daemon process already exists, pid[62282]"}
{"level":"info","time":"2025-10-24T04:12:00+09:00","message":"app_id [df6fff48a373418ca2da97d104df2188] ok"}
{"level":"info","time":"2025-10-24T04:12:00+09:00","message":"daemon process pid[62282] is running"}
{"level":"info","time":"2025-10-24T04:12:00+09:00","message":"logbus daemon process already exists, pid[62282]"}
{"level":"info","time":"2025-10-24T04:15:42+09:00","message":"app_id [df6fff48a373418ca2da97d104df2188] ok"}
{"level":"info","time":"2025-10-24T04:15:42+09:00","message":"daemon process pid[62282] is running"}
{"level":"info","time":"2025-10-24T04:15:42+09:00","message":"logbus daemon process already exists, pid[62282]"}
{"level":"info","time":"2025-10-24T05:03:14+09:00","message":"app_id [df6fff48a373418ca2da97d104df2188] ok"}
{"level":"info","time":"2025-10-24T05:03:14+09:00","message":"[daemon] read pid number fail: open /Users/jegaljin-u/workspace/demo_data_generator/logbus 2/runtime/logbus.pid: no such file or directory"}
{"level":"info","time":"2025-10-24T05:03:17+09:00","message":"[localhost:26452] start daemon success, pid[40214]"}
{"level":"info","time":"2025-10-24T12:14:29+09:00","message":"app_id [df6fff48a373418ca2da97d104df2188] ok"}
{"level":"info","time":"2025-10-24T12:14:29+09:00","message":"[daemon] read pid number fail: open /Users/jegaljin-u/workspace/demo_data_generator/logbus 2/runtime/logbus.pid: no such file or directory"}
{"level":"info","time":"2025-10-24T12:14:32+09:00","message":"[localhost:27399] start daemon success, pid[44724]"}
{"level":"info","time":"2025-10-26T21:15:08+09:00","message":"app_id [df6fff48a373418ca2da97d104df2188] ok"}
{"level":"info","time":"2025-10-26T21:15:08+09:00","message":"daemon process pid[44724] is running"}
{"level":"info","time":"2025-10-26T21:15:08+09:00","message":"logbus daemon process already exists, pid[44724]"}
{"level":"info","time":"2025-10-27T10:23:07+09:00","message":"app_id [df6fff48a373418ca2da97d104df2188] ok"}
{"level":"info","time":"2025-10-27T10:23:07+09:00","message":"daemon process pid[44724] is running"}
{"level":"info","time":"2025-10-27T10:23:07+09:00","message":"logbus daemon process already exists, pid[44724]"}
{"level":"info","time":"2025-11-14T03:28:45+09:00","message":"app_id [1edbbf43c73d4b0ba513f0383714ba5d] ok"}
{"level":"error","time":"2025-11-14T03:28:45+09:00","message":"[localhost] create http request client liveness fail: Get \"http://localhost:27399/status\": dial tcp [::1]:27399: connect: connection refused"}
{"level":"error","time":"2025-11-14T03:28:45+09:00","message":"[localhost] create http request client liveness fail: Get \"http://localhost:27399/status\": dial tcp [::1]:27399: connect: connection refused"}
{"level":"error","time":"2025-11-14T03:28:45+09:00","message":"[localhost] create http request client liveness fail: Get \"http://localhost:27399/status\": dial tcp [::1]:27399: connect: connection refused"}
{"level":"info","time":"2025-11-14T03:28:45+09:00","message":"remove out of date pid file /Users/jegaljin-u/workspace/demo_data_gen/logbus 2/runtime/logbus.pid"}
{"level":"info","time":"2025-11-14T03:28:48+09:00","message":"[localhost:27177] start daemon success, pid[3715]"}
{"level":"info","time":"2025-11-14T13:44:51+09:00","message":"app_id [1edbbf43c73d4b0ba513f0383714ba5d] ok"}
{"level":"info","time":"2025-11-14T13:44:51+09:00","message":"[daemon] read pid number fail: open /Users/jegaljin-u/workspace/demo_data_gen/logbus 2/runtime/logbus.pid: no such file or directory"}
{"level":"info","time":"2025-11-14T13:44:54+09:00","message":"[localhost:28891] start daemon success, pid[65401]"}
{"level":"info","time":"2025-11-14T18:53:19+09:00","message":"app_id [1edbbf43c73d4b0ba513f0383714ba5d] ok"}
{"level":"info","time":"2025-11-14T18:53:19+09:00","message":"[daemon] read pid number fail: open /Users/jegaljin-u/workspace/demo_data_gen/logbus 2/runtime/logbus.pid: no such file or directory"}
{"level":"info","time":"2025-11-14T18:53:22+09:00","message":"[localhost:26763] start daemon success, pid[22329]"}
{"level":"info","time":"2025-11-15T12:13:24+09:00","message":"app_id [29f0d22f756f40f08279b962cb790dc7] ok"}
{"level":"info","time":"2025-11-15T12:13:24+09:00","message":"[daemon] read pid number fail: open /Users/jegaljin-u/workspace/demo_data_gen/logbus 2/runtime/logbus.pid: no such file or directory"}
{"level":"info","time":"2025-11-15T12:13:27+09:00","message":"[localhost:28785] start daemon success, pid[98980]"}
